TN:
SF:src\modules\feedback\useCases\submit-feedback-use-case\submit-feedback-use-case.ts
FN:16,get
FN:22,execute
FN:17,SubmitFeedbackUseCase
FNF:3
FNH:3
FNDA:1,get
FNDA:4,execute
FNDA:1,SubmitFeedbackUseCase
DA:1,1
DA:2,1
DA:3,1
DA:4,1
DA:5,1
DA:6,1
DA:7,1
DA:8,1
DA:9,1
DA:10,1
DA:11,1
DA:12,1
DA:13,1
DA:14,1
DA:15,1
DA:16,1
DA:17,1
DA:18,1
DA:19,1
DA:20,1
DA:21,1
DA:22,1
DA:23,4
DA:24,4
DA:25,4
DA:26,4
DA:27,4
DA:28,1
DA:29,1
DA:30,3
DA:31,4
DA:32,1
DA:33,1
DA:34,2
DA:35,4
DA:36,1
DA:37,1
DA:38,1
DA:39,1
DA:40,1
DA:41,1
DA:42,1
DA:43,1
DA:44,1
DA:45,1
DA:46,1
DA:47,1
DA:48,1
DA:49,1
DA:50,1
DA:51,1
DA:52,1
DA:53,1
DA:54,1
DA:55,1
DA:56,1
DA:57,1
DA:58,1
DA:59,1
DA:60,1
DA:61,1
DA:62,1
DA:63,1
LF:63
LH:63
BRDA:16,0,0,1
BRDA:22,1,0,4
BRDA:27,2,0,1
BRDA:30,3,0,3
BRDA:31,4,0,1
BRDA:34,5,0,2
BRDA:35,6,0,1
BRDA:17,7,0,1
BRF:8
BRH:8
end_of_record
