TN:
SF:src\UseCases\submit-feedback-use-case.ts
FN:11,get
FN:17,execute
FN:12,SubmitFeedbackUseCase
FNF:3
FNH:3
FNDA:1,get
FNDA:4,execute
FNDA:1,SubmitFeedbackUseCase
DA:1,1
DA:2,1
DA:3,1
DA:4,1
DA:5,1
DA:6,1
DA:7,1
DA:8,1
DA:9,1
DA:10,1
DA:11,1
DA:12,1
DA:13,1
DA:14,1
DA:15,1
DA:16,1
DA:17,1
DA:18,4
DA:19,4
DA:20,4
DA:21,1
DA:22,1
DA:23,3
DA:24,4
DA:25,0
DA:26,0
DA:27,3
DA:28,4
DA:29,1
DA:30,1
DA:31,2
DA:32,2
DA:33,2
DA:34,2
DA:35,2
DA:36,2
DA:37,2
DA:38,2
DA:39,2
DA:40,2
DA:41,2
DA:42,2
DA:43,2
DA:44,2
DA:45,2
DA:46,2
DA:47,2
DA:48,1
LF:48
LH:46
BRDA:11,0,0,1
BRDA:17,1,0,4
BRDA:20,2,0,1
BRDA:23,3,0,3
BRDA:24,4,0,0
BRDA:27,5,0,3
BRDA:28,6,0,1
BRDA:31,7,0,2
BRDA:12,8,0,1
BRF:9
BRH:8
end_of_record
